TN:
SF:src/CallFacet.sol
FN:14,CallFacet.call
FNDA:0,CallFacet.call
DA:19,0
BRDA:19,0,0,-
BRDA:19,0,1,-
DA:25,0
DA:26,0
FN:30,CallFacet.callNoValue
FNDA:0,CallFacet.callNoValue
DA:35,0
BRDA:35,1,0,-
BRDA:35,1,1,-
DA:37,0
DA:38,0
FN:42,CallFacet.singleCall
FNDA:0,CallFacet.singleCall
DA:47,0
FN:50,CallFacet._call
FNDA:0,CallFacet._call
DA:55,0
BRDA:55,2,0,-
BRDA:55,2,1,-
DA:56,0
DA:57,0
BRDA:57,3,0,-
BRDA:57,3,1,-
DA:58,0
FNF:4
FNH:0
LF:11
LH:0
BRF:8
BRH:0
end_of_record
TN:
SF:src/LayerZeroApp.sol
FN:51,LayerZeroApp.lzReceive
FNDA:2,LayerZeroApp.lzReceive
DA:57,2
BRDA:57,0,0,-
BRDA:57,0,1,2
DA:62,2
DA:64,2
BRDA:64,1,0,-
BRDA:64,1,1,2
DA:70,2
FN:75,LayerZeroApp.retryMessage
FNDA:0,LayerZeroApp.retryMessage
DA:81,0
DA:83,0
BRDA:83,2,0,-
BRDA:83,2,1,-
DA:88,0
BRDA:88,3,0,-
BRDA:88,3,1,-
DA:93,0
DA:95,0
FN:98,LayerZeroApp._lzReceive
FNDA:2,LayerZeroApp._lzReceive
DA:106,2
FN:120,LayerZeroApp.nonblockingLzReceive
FNDA:2,LayerZeroApp.nonblockingLzReceive
DA:126,2
BRDA:126,4,0,-
BRDA:126,4,1,2
DA:131,2
FN:147,LayerZeroApp._lzSend
FNDA:2,LayerZeroApp._lzSend
DA:154,2
DA:156,2
BRDA:156,5,0,-
BRDA:156,5,1,2
DA:161,2
FN:171,LayerZeroApp.getConfig
FNDA:0,LayerZeroApp.getConfig
DA:176,0
FN:185,LayerZeroApp.setConfig
FNDA:0,LayerZeroApp.setConfig
DA:191,0
FN:194,LayerZeroApp.setSendVersion
FNDA:0,LayerZeroApp.setSendVersion
DA:195,0
FN:198,LayerZeroApp.setReceiveVersion
FNDA:0,LayerZeroApp.setReceiveVersion
DA:199,0
FN:202,LayerZeroApp.forceResumeReceive
FNDA:0,LayerZeroApp.forceResumeReceive
DA:207,0
FN:210,LayerZeroApp.setTrustedRemote
FNDA:4,LayerZeroApp.setTrustedRemote
DA:214,4
DA:215,4
FN:218,LayerZeroApp.isTrustedRemote
FNDA:0,LayerZeroApp.isTrustedRemote
DA:223,0
DA:224,0
FNF:12
FNH:5
LF:24
LH:12
BRF:12
BRH:4
end_of_record
TN:
SF:src/XChainHub.sol
FN:87,XChainHub.approveWithdrawalForStrategy
FNDA:4,XChainHub.approveWithdrawalForStrategy
DA:92,4
BRDA:92,0,0,-
BRDA:92,0,1,-
DA:96,4
FN:101,XChainHub.finalizeWithdrawFromVault
FNDA:5,XChainHub.finalizeWithdrawFromVault
DA:106,5
DA:107,5
DA:108,5
DA:109,5
DA:110,5
DA:111,5
FN:129,XChainHub.reportUnderlying
FNDA:8,XChainHub.reportUnderlying
DA:135,8
BRDA:135,1,0,-
BRDA:135,1,1,4
DA:140,8
BRDA:140,2,0,-
BRDA:140,2,1,4
DA:145,8
DA:146,8
DA:148,8
DA:149,8
DA:151,8
BRDA:151,3,0,1
BRDA:151,3,1,3
DA:153,8
BRDA:153,4,0,1
BRDA:153,4,1,2
DA:160,8
DA:162,8
DA:164,8
DA:175,8
DA:183,8
FN:189,XChainHub._approveRouterTransfer
FNDA:5,XChainHub._approveRouterTransfer
DA:190,5
DA:191,5
DA:193,5
DA:194,5
FN:208,XChainHub.depositToChain
FNDA:5,XChainHub.depositToChain
DA:218,5
BRDA:218,5,0,-
BRDA:218,5,1,1
DA:224,5
DA:226,5
DA:238,5
DA:250,5
FN:264,XChainHub.requestWithdrawFromChain
FNDA:6,XChainHub.requestWithdrawFromChain
DA:271,6
BRDA:271,6,0,-
BRDA:271,6,1,2
DA:275,6
BRDA:275,7,0,-
BRDA:275,7,1,2
DA:280,6
DA:291,6
DA:298,6
FN:309,XChainHub._calculateStrategyAmountForWithdraw
FNDA:5,XChainHub._calculateStrategyAmountForWithdraw
DA:315,5
DA:316,5
FN:320,XChainHub.finalizeWithdrawFromChain
FNDA:9,XChainHub.finalizeWithdrawFromChain
DA:328,9
DA:330,9
BRDA:330,8,0,1
BRDA:330,8,1,4
DA:335,9
DA:337,9
BRDA:337,9,0,1
BRDA:337,9,1,3
DA:342,9
BRDA:342,10,0,1
BRDA:342,10,1,2
DA:347,9
BRDA:347,11,0,1
BRDA:347,11,1,1
DA:352,9
DA:358,9
DA:359,9
DA:361,9
BRDA:361,12,0,-
BRDA:361,12,1,1
DA:366,9
DA:367,9
DA:369,9
DA:379,9
DA:391,9
FN:408,XChainHub._reducer
FNDA:6,XChainHub._reducer
DA:413,6
BRDA:413,13,0,1
BRDA:413,13,1,-
DA:414,6
DA:415,6
BRDA:415,14,0,1
BRDA:415,14,1,-
DA:416,6
DA:417,6
BRDA:417,15,0,1
BRDA:417,15,1,-
DA:418,6
DA:419,6
BRDA:419,16,0,1
BRDA:419,16,1,-
DA:420,6
DA:422,6
FN:431,XChainHub.emergencyReducer
FNDA:4,XChainHub.emergencyReducer
DA:436,4
FN:448,XChainHub._validateOriginCaller
FNDA:6,XChainHub._validateOriginCaller
DA:453,6
DA:455,6
DA:457,6
BRDA:457,17,0,-
BRDA:457,17,1,2
FN:464,XChainHub.sgReceive
FNDA:4,XChainHub.sgReceive
DA:472,4
BRDA:472,18,0,-
BRDA:472,18,1,1
DA:477,4
BRDA:477,19,0,-
BRDA:477,19,1,-
DA:478,4
DA:484,4
BRDA:484,20,0,-
BRDA:484,20,1,-
DA:489,4
FN:498,XChainHub._nonblockingLzReceive
FNDA:6,XChainHub._nonblockingLzReceive
DA:504,6
DA:510,6
BRDA:510,21,0,-
BRDA:510,21,1,2
DA:511,6
DA:517,6
BRDA:517,22,0,-
BRDA:517,22,1,2
DA:523,6
FN:532,XChainHub._depositAction
FNDA:6,XChainHub._depositAction
DA:537,6
DA:541,6
FN:553,XChainHub._makeDeposit
FNDA:6,XChainHub._makeDeposit
DA:560,6
DA:561,6
BRDA:561,23,0,-
BRDA:561,23,1,2
DA:567,6
BRDA:567,24,0,1
BRDA:567,24,1,1
DA:572,6
DA:574,6
DA:576,6
DA:578,6
DA:580,6
DA:582,6
BRDA:582,25,0,1
BRDA:582,25,1,-
DA:586,6
DA:587,6
FN:599,XChainHub._requestWithdrawAction
FNDA:9,XChainHub._requestWithdrawAction
DA:603,9
DA:608,9
DA:610,9
DA:611,9
DA:612,9
DA:613,9
DA:614,9
DA:616,9
BRDA:616,26,0,1
BRDA:616,26,1,4
DA:621,9
BRDA:621,27,0,1
BRDA:621,27,1,3
DA:626,9
BRDA:626,28,0,1
BRDA:626,28,1,2
DA:631,9
BRDA:631,29,0,-
BRDA:631,29,1,2
DA:637,9
DA:638,9
DA:639,9
DA:641,9
DA:643,9
FN:654,XChainHub._finalizeWithdrawAction
FNDA:5,XChainHub._finalizeWithdrawAction
DA:659,5
DA:664,5
FN:675,XChainHub._reportUnderlyingAction
FNDA:5,XChainHub._reportUnderlyingAction
DA:679,5
DA:684,5
DA:685,5
FNF:18
FNH:18
LF:109
LH:109
BRF:60
BRH:37
end_of_record
TN:
SF:src/XChainHubBase.sol
FN:105,XChainHubBase.setTrustedVault
FNDA:14,XChainHubBase.setTrustedVault
DA:106,14
FN:110,XChainHubBase.setTrustedStrategy
FNDA:5,XChainHubBase.setTrustedStrategy
DA:114,5
FN:119,XChainHubBase.setTrustedHub
FNDA:6,XChainHubBase.setTrustedHub
DA:124,6
FN:131,XChainHubBase.setExiting
FNDA:7,XChainHubBase.setExiting
DA:132,7
FN:143,XChainHubBase.emergencyWithdraw
FNDA:0,XChainHubBase.emergencyWithdraw
DA:147,0
DA:148,0
FN:152,XChainHubBase.triggerPause
FNDA:0,XChainHubBase.triggerPause
DA:153,0
FNF:6
FNH:4
LF:7
LH:4
BRF:0
BRH:0
end_of_record
TN:
SF:src/XChainHubSingle.sol
FN:35,XChainHubSingle.setStrategyForChain
FNDA:0,XChainHubSingle.setStrategyForChain
DA:39,0
BRDA:39,0,0,-
BRDA:39,0,1,-
DA:44,0
DA:45,0
BRDA:45,1,0,-
BRDA:45,1,1,-
DA:50,0
FN:54,XChainHubSingle._depositAction
FNDA:0,XChainHubSingle._depositAction
DA:59,0
DA:63,0
FNF:2
FNH:0
LF:6
LH:0
BRF:4
BRH:0
end_of_record
TN:
SF:src/deprecated/XChainRegistry.sol
FN:36,XChainRegistry.setChainConfig
FNDA:0,XChainRegistry.setChainConfig
DA:43,0
FNF:1
FNH:0
LF:1
LH:0
BRF:0
BRH:0
end_of_record
TN:
SF:src/strategy/BaseStrategy.sol
FN:97,BaseStrategy.__initialize
FNDA:0,BaseStrategy.__initialize
DA:104,0
DA:105,0
DA:106,0
DA:107,0
DA:108,0
FN:117,BaseStrategy.setStrategist
FNDA:0,BaseStrategy.setStrategist
DA:118,0
BRDA:118,0,0,-
BRDA:118,0,1,-
DA:119,0
DA:121,0
FN:126,BaseStrategy.setManager
FNDA:0,BaseStrategy.setManager
DA:127,0
BRDA:127,1,0,-
BRDA:127,1,1,-
DA:128,0
DA:130,0
FN:139,BaseStrategy.deposit
FNDA:0,BaseStrategy.deposit
DA:140,0
BRDA:140,2,0,-
BRDA:140,2,1,-
DA:142,0
DA:143,0
DA:145,0
DA:147,0
FN:152,BaseStrategy.withdraw
FNDA:0,BaseStrategy.withdraw
DA:153,0
BRDA:153,3,0,-
BRDA:153,3,1,-
DA:156,0
DA:157,0
BRDA:157,4,0,-
BRDA:157,4,1,-
DA:159,0
DA:163,0
BRDA:163,5,0,-
BRDA:163,5,1,-
DA:164,0
DA:166,0
DA:168,0
FN:177,BaseStrategy.float
FNDA:0,BaseStrategy.float
DA:178,0
FN:190,BaseStrategy.sweep
FNDA:0,BaseStrategy.sweep
DA:191,0
BRDA:191,6,0,-
BRDA:191,6,1,-
DA:192,0
BRDA:192,7,0,-
BRDA:192,7,1,-
DA:193,0
DA:195,0
FNF:7
FNH:0
LF:29
LH:0
BRF:16
BRH:0
end_of_record
TN:
SF:src/strategy/XChainStrategy.sol
FN:112,XChainStrategy.estimatedUnderlying
FNDA:1,XChainStrategy.estimatedUnderlying
DA:113,1
FN:123,XChainStrategy.setHub
FNDA:0,XChainStrategy.setHub
DA:124,0
BRDA:124,0,0,-
BRDA:124,0,1,-
DA:125,0
DA:126,0
FN:131,XChainStrategy.setVault
FNDA:0,XChainStrategy.setVault
DA:132,0
BRDA:132,1,0,-
BRDA:132,1,1,-
DA:133,0
DA:134,0
FN:143,XChainStrategy.depositUnderlying
FNDA:0,XChainStrategy.depositUnderlying
DA:144,0
BRDA:144,2,0,-
BRDA:144,2,1,-
DA:149,0
BRDA:149,3,0,-
BRDA:149,3,1,-
DA:154,0
BRDA:154,4,0,-
BRDA:154,4,1,-
DA:159,0
DA:161,0
DA:162,0
DA:164,0
DA:167,0
DA:178,0
FN:189,XChainStrategy.withdrawFromHub
FNDA:0,XChainStrategy.withdrawFromHub
DA:190,0
BRDA:190,5,0,-
BRDA:190,5,1,-
DA:195,0
BRDA:195,6,0,-
BRDA:195,6,1,-
DA:201,0
DA:202,0
DA:204,0
DA:205,0
FN:212,XChainStrategy._withdrawUnderlying
FNDA:0,XChainStrategy._withdrawUnderlying
DA:219,0
BRDA:219,7,0,-
BRDA:219,7,1,-
DA:224,0
BRDA:224,8,0,-
BRDA:224,8,1,-
DA:229,0
DA:231,0
DA:239,0
FN:245,XChainStrategy.report
FNDA:1,XChainStrategy.report
DA:246,1
BRDA:246,9,0,-
BRDA:246,9,1,1
DA:251,1
BRDA:251,10,0,-
BRDA:251,10,1,1
DA:254,1
BRDA:254,11,0,1
BRDA:254,11,1,1
DA:255,1
DA:256,1
DA:259,1
BRDA:259,12,0,-
BRDA:259,12,1,1
DA:261,1
DA:262,1
FNF:7
FNH:2
LF:35
LH:9
BRF:26
BRH:5
end_of_record
TN:
SF:test/XChainStrategy.t.sol
FN:23,MockHub.depositToChain
FNDA:0,MockHub.depositToChain
FN:34,MockHub.requestWithdrawFromChain
FNDA:0,MockHub.requestWithdrawFromChain
FN:42,MockHub.finalizeWithdrawFromChain
FNDA:0,MockHub.finalizeWithdrawFromChain
FNF:3
FNH:0
LF:0
LH:0
BRF:0
BRH:0
end_of_record
TN:
SF:test/mocks/MockLayerZeroEndpoint.sol
FN:74,LZEndpointMock.setEstimatedFees
FNDA:4,LZEndpointMock.setEstimatedFees
DA:75,4
DA:76,4
FN:79,LZEndpointMock.getChainId
FNDA:4,LZEndpointMock.getChainId
DA:80,4
FN:83,LZEndpointMock.setDestLzEndpoint
FNDA:4,LZEndpointMock.setDestLzEndpoint
DA:86,4
FN:89,LZEndpointMock.send
FNDA:4,LZEndpointMock.send
DA:97,4
DA:98,4
DA:100,4
BRDA:100,0,0,-
BRDA:100,0,1,2
DA:105,4
BRDA:105,1,0,-
BRDA:105,1,1,2
DA:110,4
DA:112,4
DA:117,4
DA:118,4
DA:119,4
DA:121,4
DA:122,4
DA:123,4
DA:129,4
DA:135,4
FN:145,LZEndpointMock.receivePayload
FNDA:4,LZEndpointMock.receivePayload
DA:153,4
DA:156,4
BRDA:156,2,0,-
BRDA:156,2,1,2
DA:162,4
BRDA:162,3,0,-
BRDA:162,3,1,2
DA:163,4
DA:166,4
DA:174,4
BRDA:174,4,0,-
BRDA:174,4,1,-
DA:176,4
DA:179,4
DA:180,4
DA:184,4
DA:186,4
DA:188,4
BRDA:188,5,0,-
BRDA:188,5,1,2
DA:189,4
DA:194,4
DA:203,4
DA:207,4
FN:217,LZEndpointMock.blockNextMsg
FNDA:4,LZEndpointMock.blockNextMsg
DA:218,4
FN:221,LZEndpointMock.getLengthOfQueue
FNDA:4,LZEndpointMock.getLengthOfQueue
DA:226,4
FN:235,LZEndpointMock.estimateFees
FNDA:4,LZEndpointMock.estimateFees
DA:242,4
DA:243,4
FN:247,LZEndpointMock.packedBytesToAddr
FNDA:4,LZEndpointMock.packedBytesToAddr
DA:252,4
DA:256,4
DA:258,4
FN:262,LZEndpointMock.addrToPackedBytes
FNDA:4,LZEndpointMock.addrToPackedBytes
DA:263,4
DA:264,4
FN:267,LZEndpointMock.setConfig
FNDA:4,LZEndpointMock.setConfig
FN:274,LZEndpointMock.getConfig
FNDA:4,LZEndpointMock.getConfig
DA:280,4
FN:283,LZEndpointMock.setSendVersion
FNDA:4,LZEndpointMock.setSendVersion
FN:287,LZEndpointMock.setReceiveVersion
FNDA:4,LZEndpointMock.setReceiveVersion
FN:291,LZEndpointMock.getSendVersion
FNDA:4,LZEndpointMock.getSendVersion
DA:294,4
FN:297,LZEndpointMock.getReceiveVersion
FNDA:4,LZEndpointMock.getReceiveVersion
DA:300,4
FN:303,LZEndpointMock.getInboundNonce
FNDA:4,LZEndpointMock.getInboundNonce
DA:309,4
FN:312,LZEndpointMock.getOutboundNonce
FNDA:4,LZEndpointMock.getOutboundNonce
DA:318,4
FN:322,LZEndpointMock._clearMsgQue
FNDA:4,LZEndpointMock._clearMsgQue
DA:325,4
DA:328,4
DA:329,4
DA:330,4
DA:336,4
FN:340,LZEndpointMock.forceResumeReceive
FNDA:4,LZEndpointMock.forceResumeReceive
DA:344,4
DA:346,4
BRDA:346,6,0,-
BRDA:346,6,1,-
DA:347,4
BRDA:347,7,0,-
BRDA:347,7,1,-
DA:350,4
DA:351,4
DA:352,4
DA:354,4
DA:357,4
FN:360,LZEndpointMock.retryPayload
FNDA:4,LZEndpointMock.retryPayload
DA:365,4
DA:366,4
BRDA:366,8,0,-
BRDA:366,8,1,-
DA:367,4
BRDA:367,9,0,-
BRDA:367,9,1,-
DA:373,4
DA:375,4
DA:376,4
DA:377,4
DA:379,4
DA:381,4
DA:387,4
FN:390,LZEndpointMock.hasStoredPayload
FNDA:4,LZEndpointMock.hasStoredPayload
DA:396,4
DA:397,4
FN:400,LZEndpointMock.isSendingPayload
FNDA:4,LZEndpointMock.isSendingPayload
DA:401,4
FN:404,LZEndpointMock.isReceivingPayload
FNDA:4,LZEndpointMock.isReceivingPayload
DA:405,4
FN:408,LZEndpointMock.getSendLibraryAddress
FNDA:4,LZEndpointMock.getSendLibraryAddress
DA:414,4
FN:417,LZEndpointMock.getReceiveLibraryAddress
FNDA:4,LZEndpointMock.getReceiveLibraryAddress
DA:423,4
FNF:26
FNH:26
LF:77
LH:77
BRF:20
BRH:5
end_of_record
TN:
SF:test/mocks/MockStargateRouter.sol
FN:47,StargateRouterMock.setSwapFeePc
FNDA:0,StargateRouterMock.setSwapFeePc
DA:48,0
BRDA:48,0,0,-
BRDA:48,0,1,-
DA:49,0
FN:52,StargateRouterMock.setTokenForChain
FNDA:0,StargateRouterMock.setTokenForChain
DA:53,0
FN:57,StargateRouterMock.packedBytesToAddr
FNDA:0,StargateRouterMock.packedBytesToAddr
DA:62,0
DA:66,0
DA:68,0
FN:71,StargateRouterMock.setDestSgEndpoint
FNDA:0,StargateRouterMock.setDestSgEndpoint
DA:74,0
FN:77,StargateRouterMock.addrToPackedBytes
FNDA:0,StargateRouterMock.addrToPackedBytes
DA:78,0
DA:79,0
FN:83,StargateRouterMock.getStargateRouterMock
FNDA:0,StargateRouterMock.getStargateRouterMock
DA:87,0
DA:88,0
DA:89,0
FN:92,StargateRouterMock.hasEndpoint
FNDA:0,StargateRouterMock.hasEndpoint
DA:93,0
FN:96,StargateRouterMock.saveParams
FNDA:0,StargateRouterMock.saveParams
DA:107,0
DA:118,0
BRDA:118,1,0,-
BRDA:118,1,1,-
DA:119,0
DA:121,0
FN:125,StargateRouterMock._swap
FNDA:0,StargateRouterMock._swap
DA:131,0
DA:132,0
DA:134,0
BRDA:134,2,0,-
BRDA:134,2,1,-
DA:135,0
DA:137,0
DA:139,0
DA:141,0
DA:142,0
DA:143,0
DA:144,0
DA:147,0
DA:148,0
DA:150,0
DA:151,0
DA:152,0
DA:153,0
DA:154,0
DA:155,0
DA:160,0
FN:163,StargateRouterMock.swap
FNDA:0,StargateRouterMock.swap
DA:174,0
BRDA:174,3,0,-
BRDA:174,3,1,-
DA:175,0
DA:186,0
DA:188,0
DA:190,0
FN:204,StargateRouterMock.receivePayload
FNDA:0,StargateRouterMock.receivePayload
DA:205,0
FN:215,StargateRouterMock.addLiquidity
FNDA:0,StargateRouterMock.addLiquidity
FN:221,StargateRouterMock.redeemRemote
FNDA:0,StargateRouterMock.redeemRemote
FN:232,StargateRouterMock.instantRedeemLocal
FNDA:0,StargateRouterMock.instantRedeemLocal
DA:237,0
FN:240,StargateRouterMock.redeemLocal
FNDA:0,StargateRouterMock.redeemLocal
FN:250,StargateRouterMock.sendCredits
FNDA:0,StargateRouterMock.sendCredits
FN:257,StargateRouterMock.quoteLayerZeroFee
FNDA:0,StargateRouterMock.quoteLayerZeroFee
DA:264,0
FN:285,MockRouterPayloadCapture.swap
FNDA:4,MockRouterPayloadCapture.swap
DA:296,4
DA:307,4
BRDA:307,0,0,2
BRDA:307,0,1,-
DA:308,4
DA:310,4
FN:314,MockRouterPayloadCapture.addLiquidity
FNDA:4,MockRouterPayloadCapture.addLiquidity
FN:320,MockRouterPayloadCapture.redeemRemote
FNDA:4,MockRouterPayloadCapture.redeemRemote
FN:331,MockRouterPayloadCapture.instantRedeemLocal
FNDA:4,MockRouterPayloadCapture.instantRedeemLocal
DA:336,4
FN:339,MockRouterPayloadCapture.redeemLocal
FNDA:4,MockRouterPayloadCapture.redeemLocal
FN:349,MockRouterPayloadCapture.sendCredits
FNDA:4,MockRouterPayloadCapture.sendCredits
FN:356,MockRouterPayloadCapture.quoteLayerZeroFee
FNDA:4,MockRouterPayloadCapture.quoteLayerZeroFee
DA:363,4
FNF:24
FNH:7
LF:50
LH:6
BRF:10
BRH:1
end_of_record
TN:
SF:test/mocks/MockStrategy.sol
FN:33,MockXChainStrategy.setState
FNDA:15,MockXChainStrategy.setState
DA:34,15
FN:37,MockXChainStrategy.setReportedUnderlying
FNDA:15,MockXChainStrategy.setReportedUnderlying
DA:38,15
FN:41,MockXChainStrategy.withdrawUnderlying
FNDA:15,MockXChainStrategy.withdrawUnderlying
DA:48,15
FN:18,MockStrat.report
FNDA:4,MockStrat.report
DA:19,4
FNF:4
FNH:4
LF:4
LH:4
BRF:0
BRH:0
end_of_record
TN:
SF:test/mocks/MockVault.sol
FN:46,MockVault.deposit
FNDA:33,MockVault.deposit
DA:51,33
DA:56,33
FN:60,MockVault.setBatchBurnForRound
FNDA:33,MockVault.setBatchBurnForRound
DA:63,33
FN:67,MockVault.setBatchBurnReceiptsForSender
FNDA:33,MockVault.setBatchBurnReceiptsForSender
DA:71,33
FN:75,MockVault.exchangeRate
FNDA:33,MockVault.exchangeRate
DA:76,33
FN:79,MockVault.calculateShares
FNDA:33,MockVault.calculateShares
DA:84,33
FN:87,MockVault.calculateUnderlying
FNDA:33,MockVault.calculateUnderlying
DA:92,33
FN:95,MockVault.setBatchBurnRound
FNDA:33,MockVault.setBatchBurnRound
DA:96,33
FN:99,MockVault._deposit
FNDA:33,MockVault._deposit
DA:104,33
DA:106,33
DA:118,33
DA:120,33
DA:124,33
FN:131,MockVault.totalUnderlying
FNDA:33,MockVault.totalUnderlying
DA:132,33
FN:135,MockVault.exitBatchBurn
FNDA:33,MockVault.exitBatchBurn
DA:136,33
DA:138,33
BRDA:138,0,0,-
BRDA:138,0,1,1
DA:139,33
BRDA:139,1,0,-
BRDA:139,1,1,1
DA:144,33
DA:145,33
DA:147,33
DA:149,33
DA:153,33
FN:156,MockVault.enterBatchBurn
FNDA:33,MockVault.enterBatchBurn
DA:157,33
DA:158,33
DA:160,33
BRDA:160,2,0,-
BRDA:160,2,1,-
DA:164,33
DA:165,33
DA:172,33
BRDA:172,3,0,-
BRDA:172,3,1,-
DA:176,33
DA:179,33
DA:181,33
BRDA:181,4,0,-
BRDA:181,4,1,2
DA:182,33
FN:185,MockVault.mint
FNDA:33,MockVault.mint
DA:186,33
FNF:12
FNH:12
LF:33
LH:33
BRF:10
BRH:3
end_of_record
TN:
SF:test/mocks/MockXChainHub.sol
FN:164,XChainHubMockActions.depositAction
FNDA:53,XChainHubMockActions.depositAction
DA:169,53
FN:172,XChainHubMockActions.requestWithdrawAction
FNDA:53,XChainHubMockActions.requestWithdrawAction
DA:175,53
FN:178,XChainHubMockActions.finalizeWithdrawAction
FNDA:53,XChainHubMockActions.finalizeWithdrawAction
DA:183,53
FN:186,XChainHubMockActions.setCurrentRoundPerStrategy
FNDA:53,XChainHubMockActions.setCurrentRoundPerStrategy
DA:191,53
FN:194,XChainHubMockActions.setSharesPerStrategy
FNDA:53,XChainHubMockActions.setSharesPerStrategy
DA:199,53
FN:202,XChainHubMockActions.setExitingSharesPerStrategy
FNDA:53,XChainHubMockActions.setExitingSharesPerStrategy
DA:207,53
FN:210,XChainHubMockActions.setWithdrawnPerRound
FNDA:53,XChainHubMockActions.setWithdrawnPerRound
DA:215,53
FN:218,XChainHubMockActions.calculateStrategyAmountForWithdraw
FNDA:53,XChainHubMockActions.calculateStrategyAmountForWithdraw
DA:223,53
FN:227,XChainHubMockActions.reportUnderlyingAction
FNDA:53,XChainHubMockActions.reportUnderlyingAction
DA:228,53
FN:231,XChainHubMockActions.setLatestReport
FNDA:53,XChainHubMockActions.setLatestReport
DA:236,53
FN:240,XChainHubMockActions._lzSend
FNDA:53,XChainHubMockActions._lzSend
DA:247,53
DA:249,53
BRDA:249,0,0,-
BRDA:249,0,1,1
DA:254,53
BRDA:254,1,0,1
BRDA:254,1,1,-
DA:255,53
DA:257,53
DA:260,53
BRDA:260,2,0,1
BRDA:260,2,1,-
DA:261,53
DA:263,53
DA:266,53
BRDA:266,3,0,1
BRDA:266,3,1,-
DA:267,53
DA:269,53
DA:272,53
BRDA:272,4,0,1
BRDA:272,4,1,-
DA:273,53
DA:275,53
FN:111,XChainHubMockLzSend._lzSend
FNDA:6,XChainHubMockLzSend._lzSend
DA:118,6
DA:120,6
BRDA:120,0,0,-
BRDA:120,0,1,1
DA:125,6
BRDA:125,1,0,1
BRDA:125,1,1,-
DA:126,6
DA:128,6
DA:131,6
BRDA:131,2,0,1
BRDA:131,2,1,-
DA:132,6
DA:134,6
DA:137,6
BRDA:137,3,0,1
BRDA:137,3,1,-
DA:138,6
DA:140,6
DA:143,6
BRDA:143,4,0,1
BRDA:143,4,1,-
DA:144,6
DA:146,6
FN:22,XChainHubMockReducer.makeMessage
FNDA:0,XChainHubMockReducer.makeMessage
DA:27,0
FN:31,XChainHubMockReducer.makeMessage
FNDA:0,XChainHubMockReducer.makeMessage
DA:36,0
FN:40,XChainHubMockReducer.reducer
FNDA:0,XChainHubMockReducer.reducer
DA:45,0
FN:48,XChainHubMockReducer._depositAction
FNDA:0,XChainHubMockReducer._depositAction
DA:53,0
DA:54,0
FN:57,XChainHubMockReducer._requestWithdrawAction
FNDA:0,XChainHubMockReducer._requestWithdrawAction
DA:58,0
DA:59,0
FN:62,XChainHubMockReducer._finalizeWithdrawAction
FNDA:0,XChainHubMockReducer._finalizeWithdrawAction
DA:67,0
DA:68,0
FN:71,XChainHubMockReducer._reportUnderlyingAction
FNDA:0,XChainHubMockReducer._reportUnderlyingAction
DA:72,0
DA:73,0
FN:77,XChainHubMockReducer.requestWithdrawFromChainMockCapture
FNDA:0,XChainHubMockReducer.requestWithdrawFromChainMockCapture
DA:84,0
FN:289,XChainHubMockActionsNoLz.depositAction
FNDA:42,XChainHubMockActionsNoLz.depositAction
DA:294,42
FN:297,XChainHubMockActionsNoLz.requestWithdrawAction
FNDA:42,XChainHubMockActionsNoLz.requestWithdrawAction
DA:300,42
FN:303,XChainHubMockActionsNoLz.finalizeWithdrawAction
FNDA:42,XChainHubMockActionsNoLz.finalizeWithdrawAction
DA:306,42
FN:309,XChainHubMockActionsNoLz.setCurrentRoundPerStrategy
FNDA:42,XChainHubMockActionsNoLz.setCurrentRoundPerStrategy
DA:314,42
FN:317,XChainHubMockActionsNoLz.setWithdrawnPerRound
FNDA:42,XChainHubMockActionsNoLz.setWithdrawnPerRound
DA:322,42
FN:325,XChainHubMockActionsNoLz.setSharesPerStrategy
FNDA:42,XChainHubMockActionsNoLz.setSharesPerStrategy
DA:330,42
FN:333,XChainHubMockActionsNoLz.setExitingSharesPerStrategy
FNDA:42,XChainHubMockActionsNoLz.setExitingSharesPerStrategy
DA:338,42
FN:341,XChainHubMockActionsNoLz.calculateStrategyAmountForWithdraw
FNDA:42,XChainHubMockActionsNoLz.calculateStrategyAmountForWithdraw
DA:346,42
FN:350,XChainHubMockActionsNoLz.reportUnderlyingAction
FNDA:42,XChainHubMockActionsNoLz.reportUnderlyingAction
DA:351,42
FN:354,XChainHubMockActionsNoLz.setLatestReport
FNDA:42,XChainHubMockActionsNoLz.setLatestReport
DA:359,42
FNF:30
FNH:22
LF:60
LH:48
BRF:20
BRH:10
end_of_record
